build/app/intermediates/manifest_merge_blame_file/debug/manifest-merger-blame-debug-report.txt
1<?xml version="1.0" encoding="utf-8"?>
2<manifest xmlns:android="http://schemas.android.com/apk/res/android"
3    package="com.example.weatherapp_starter_project"
4    android:versionCode="1"
5    android:versionName="1.0.0" >
6
7    <uses-sdk
8        android:minSdkVersion="19"
9        android:targetSdkVersion="33" />
10    <!--
11         The INTERNET permission is required for development. Specifically,
12         the Flutter tool needs it to communicate with the running application
13         to allow setting breakpoints, to provide hot reload, etc.
14    -->
15    <uses-permission android:name="android.permission.INTERNET" />
15-->src\main\AndroidManifest.xml:6:5-66
15-->src\main\AndroidManifest.xml:6:22-64
16    <uses-permission android:name="android.permission.ACCESS_FINE_LOCATION" />
16-->src\main\AndroidManifest.xml:4:5-79
16-->src\main\AndroidManifest.xml:4:22-76
17    <uses-permission android:name="android.permission.ACCESS_COARSE_LOCATION" />
17-->src\main\AndroidManifest.xml:5:5-81
17-->src\main\AndroidManifest.xml:5:22-78
18    <uses-permission android:name="android.permission.FOREGROUND_SERVICE" />
18-->[:geolocator_android] AndroidManifest.xml:9:5-77
18-->[:geolocator_android] AndroidManifest.xml:9:22-74
19    <uses-permission android:name="android.permission.ACCESS_NETWORK_STATE" />
19-->[com.google.firebase:firebase-auth:22.2.0] AndroidManifest.xml:26:5-79
19-->[com.google.firebase:firebase-auth:22.2.0] AndroidManifest.xml:26:22-76
20
21    <application
22        android:name="android.app.Application"
23        android:appComponentFactory="androidx.core.app.CoreComponentFactory"
23-->[androidx.core:core:1.6.0] AndroidManifest.xml:24:18-86
24        android:debuggable="true"
25        android:icon="@mipmap/ic_launcher"
26        android:label="weatherapp_starter_project" >
27        <activity
28            android:name="com.example.weatherapp_starter_project.MainActivity"
29            android:configChanges="orientation|keyboardHidden|keyboard|screenSize|smallestScreenSize|locale|layoutDirection|fontScale|screenLayout|density|uiMode"
30            android:exported="true"
31            android:hardwareAccelerated="true"
32            android:launchMode="singleTop"
33            android:theme="@style/LaunchTheme"
34            android:windowSoftInputMode="adjustResize" >
35
36            <!--
37                 Specifies an Android theme to apply to this Activity as soon as
38                 the Android process has started. This theme is visible to the user
39                 while the Flutter UI initializes. After that, this theme continues
40                 to determine the Window background behind the Flutter UI.
41            -->
42            <meta-data
43                android:name="io.flutter.embedding.android.NormalTheme"
44                android:resource="@style/NormalTheme" />
45
46            <intent-filter>
47                <action android:name="android.intent.action.MAIN" />
48
49                <category android:name="android.intent.category.LAUNCHER" />
50            </intent-filter>
51        </activity>
52        <!--
53             Don't delete the meta-data below.
54             This is used by the Flutter tool to generate GeneratedPluginRegistrant.java
55        -->
56        <meta-data
57            android:name="flutterEmbedding"
58            android:value="2" />
59
60        <service
60-->[:firebase_auth] AndroidManifest.xml:10:9-14:19
61            android:name="com.google.firebase.components.ComponentDiscoveryService"
61-->[:firebase_auth] AndroidManifest.xml:10:18-89
62            android:directBootAware="true"
62-->[com.google.firebase:firebase-common:20.4.2] AndroidManifest.xml:32:13-43
63            android:exported="false" >
63-->[com.google.firebase:firebase-auth:22.2.0] AndroidManifest.xml:68:13-37
64            <meta-data
64-->[:firebase_auth] AndroidManifest.xml:11:13-13:85
65                android:name="com.google.firebase.components:io.flutter.plugins.firebase.auth.FlutterFirebaseAuthRegistrar"
65-->[:firebase_auth] AndroidManifest.xml:12:17-124
66                android:value="com.google.firebase.components.ComponentRegistrar" />
66-->[:firebase_auth] AndroidManifest.xml:13:17-82
67            <meta-data
67-->[:cloud_firestore] AndroidManifest.xml:11:13-13:85
68                android:name="com.google.firebase.components:io.flutter.plugins.firebase.firestore.FlutterFirebaseFirestoreRegistrar"
68-->[:cloud_firestore] AndroidManifest.xml:12:17-134
69                android:value="com.google.firebase.components.ComponentRegistrar" />
69-->[:cloud_firestore] AndroidManifest.xml:13:17-82
70            <meta-data
70-->[:firebase_core] AndroidManifest.xml:11:13-13:85
71                android:name="com.google.firebase.components:io.flutter.plugins.firebase.core.FlutterFirebaseCoreRegistrar"
71-->[:firebase_core] AndroidManifest.xml:12:17-124
72                android:value="com.google.firebase.components.ComponentRegistrar" />
72-->[:firebase_core] AndroidManifest.xml:13:17-82
73            <meta-data
73-->[com.google.firebase:firebase-auth:22.2.0] AndroidManifest.xml:69:13-71:85
74                android:name="com.google.firebase.components:com.google.firebase.auth.FirebaseAuthRegistrar"
74-->[com.google.firebase:firebase-auth:22.2.0] AndroidManifest.xml:70:17-109
75                android:value="com.google.firebase.components.ComponentRegistrar" />
75-->[com.google.firebase:firebase-auth:22.2.0] AndroidManifest.xml:71:17-82
76            <meta-data
76-->[com.google.firebase:firebase-firestore:24.9.1] AndroidManifest.xml:17:13-19:85
77                android:name="com.google.firebase.components:com.google.firebase.firestore.FirebaseFirestoreKtxRegistrar"
77-->[com.google.firebase:firebase-firestore:24.9.1] AndroidManifest.xml:18:17-122
78                android:value="com.google.firebase.components.ComponentRegistrar" />
78-->[com.google.firebase:firebase-firestore:24.9.1] AndroidManifest.xml:19:17-82
79            <meta-data
79-->[com.google.firebase:firebase-firestore:24.9.1] AndroidManifest.xml:20:13-22:85
80                android:name="com.google.firebase.components:com.google.firebase.firestore.FirestoreRegistrar"
80-->[com.google.firebase:firebase-firestore:24.9.1] AndroidManifest.xml:21:17-111
81                android:value="com.google.firebase.components.ComponentRegistrar" />
81-->[com.google.firebase:firebase-firestore:24.9.1] AndroidManifest.xml:22:17-82
82            <meta-data
82-->[com.google.firebase:firebase-common-ktx:20.4.2] AndroidManifest.xml:12:13-14:85
83                android:name="com.google.firebase.components:com.google.firebase.ktx.FirebaseCommonLegacyRegistrar"
83-->[com.google.firebase:firebase-common-ktx:20.4.2] AndroidManifest.xml:13:17-116
84                android:value="com.google.firebase.components.ComponentRegistrar" />
84-->[com.google.firebase:firebase-common-ktx:20.4.2] AndroidManifest.xml:14:17-82
85            <meta-data
85-->[com.google.firebase:firebase-common:20.4.2] AndroidManifest.xml:35:13-37:85
86                android:name="com.google.firebase.components:com.google.firebase.FirebaseCommonKtxRegistrar"
86-->[com.google.firebase:firebase-common:20.4.2] AndroidManifest.xml:36:17-109
87                android:value="com.google.firebase.components.ComponentRegistrar" />
87-->[com.google.firebase:firebase-common:20.4.2] AndroidManifest.xml:37:17-82
88        </service>
89        <service
89-->[:geolocator_android] AndroidManifest.xml:12:9-16:56
90            android:name="com.baseflow.geolocator.GeolocatorLocationService"
90-->[:geolocator_android] AndroidManifest.xml:13:13-77
91            android:enabled="true"
91-->[:geolocator_android] AndroidManifest.xml:14:13-35
92            android:exported="false"
92-->[:geolocator_android] AndroidManifest.xml:15:13-37
93            android:foregroundServiceType="location" />
93-->[:geolocator_android] AndroidManifest.xml:16:13-53
94
95        <activity
95-->[com.google.firebase:firebase-auth:22.2.0] AndroidManifest.xml:29:9-46:20
96            android:name="com.google.firebase.auth.internal.GenericIdpActivity"
96-->[com.google.firebase:firebase-auth:22.2.0] AndroidManifest.xml:30:13-80
97            android:excludeFromRecents="true"
97-->[com.google.firebase:firebase-auth:22.2.0] AndroidManifest.xml:31:13-46
98            android:exported="true"
98-->[com.google.firebase:firebase-auth:22.2.0] AndroidManifest.xml:32:13-36
99            android:launchMode="singleTask"
99-->[com.google.firebase:firebase-auth:22.2.0] AndroidManifest.xml:33:13-44
100            android:theme="@android:style/Theme.Translucent.NoTitleBar" >
100-->[com.google.firebase:firebase-auth:22.2.0] AndroidManifest.xml:34:13-72
101            <intent-filter>
101-->[com.google.firebase:firebase-auth:22.2.0] AndroidManifest.xml:35:13-45:29
102                <action android:name="android.intent.action.VIEW" />
102-->[com.google.firebase:firebase-auth:22.2.0] AndroidManifest.xml:36:17-69
102-->[com.google.firebase:firebase-auth:22.2.0] AndroidManifest.xml:36:25-66
103
104                <category android:name="android.intent.category.DEFAULT" />
104-->[com.google.firebase:firebase-auth:22.2.0] AndroidManifest.xml:38:17-76
104-->[com.google.firebase:firebase-auth:22.2.0] AndroidManifest.xml:38:27-73
105                <category android:name="android.intent.category.BROWSABLE" />
105-->[com.google.firebase:firebase-auth:22.2.0] AndroidManifest.xml:39:17-78
105-->[com.google.firebase:firebase-auth:22.2.0] AndroidManifest.xml:39:27-75
106
107                <data
107-->[com.google.firebase:firebase-auth:22.2.0] AndroidManifest.xml:41:17-44:51
108                    android:host="firebase.auth"
108-->[com.google.firebase:firebase-auth:22.2.0] AndroidManifest.xml:42:21-49
109                    android:path="/"
109-->[com.google.firebase:firebase-auth:22.2.0] AndroidManifest.xml:43:21-37
110                    android:scheme="genericidp" />
110-->[com.google.firebase:firebase-auth:22.2.0] AndroidManifest.xml:44:21-48
111            </intent-filter>
112        </activity>
113        <activity
113-->[com.google.firebase:firebase-auth:22.2.0] AndroidManifest.xml:47:9-64:20
114            android:name="com.google.firebase.auth.internal.RecaptchaActivity"
114-->[com.google.firebase:firebase-auth:22.2.0] AndroidManifest.xml:48:13-79
115            android:excludeFromRecents="true"
115-->[com.google.firebase:firebase-auth:22.2.0] AndroidManifest.xml:49:13-46
116            android:exported="true"
116-->[com.google.firebase:firebase-auth:22.2.0] AndroidManifest.xml:50:13-36
117            android:launchMode="singleTask"
117-->[com.google.firebase:firebase-auth:22.2.0] AndroidManifest.xml:51:13-44
118            android:theme="@android:style/Theme.Translucent.NoTitleBar" >
118-->[com.google.firebase:firebase-auth:22.2.0] AndroidManifest.xml:52:13-72
119            <intent-filter>
119-->[com.google.firebase:firebase-auth:22.2.0] AndroidManifest.xml:53:13-63:29
120                <action android:name="android.intent.action.VIEW" />
120-->[com.google.firebase:firebase-auth:22.2.0] AndroidManifest.xml:36:17-69
120-->[com.google.firebase:firebase-auth:22.2.0] AndroidManifest.xml:36:25-66
121
122                <category android:name="android.intent.category.DEFAULT" />
122-->[com.google.firebase:firebase-auth:22.2.0] AndroidManifest.xml:38:17-76
122-->[com.google.firebase:firebase-auth:22.2.0] AndroidManifest.xml:38:27-73
123                <category android:name="android.intent.category.BROWSABLE" />
123-->[com.google.firebase:firebase-auth:22.2.0] AndroidManifest.xml:39:17-78
123-->[com.google.firebase:firebase-auth:22.2.0] AndroidManifest.xml:39:27-75
124
125                <data
125-->[com.google.firebase:firebase-auth:22.2.0] AndroidManifest.xml:41:17-44:51
126                    android:host="firebase.auth"
126-->[com.google.firebase:firebase-auth:22.2.0] AndroidManifest.xml:42:21-49
127                    android:path="/"
127-->[com.google.firebase:firebase-auth:22.2.0] AndroidManifest.xml:43:21-37
128                    android:scheme="recaptcha" />
128-->[com.google.firebase:firebase-auth:22.2.0] AndroidManifest.xml:44:21-48
129            </intent-filter>
130        </activity>
131
132        <provider
132-->[com.google.firebase:firebase-common:20.4.2] AndroidManifest.xml:23:9-28:39
133            android:name="com.google.firebase.provider.FirebaseInitProvider"
133-->[com.google.firebase:firebase-common:20.4.2] AndroidManifest.xml:24:13-77
134            android:authorities="com.example.weatherapp_starter_project.firebaseinitprovider"
134-->[com.google.firebase:firebase-common:20.4.2] AndroidManifest.xml:25:13-72
135            android:directBootAware="true"
135-->[com.google.firebase:firebase-common:20.4.2] AndroidManifest.xml:26:13-43
136            android:exported="false"
136-->[com.google.firebase:firebase-common:20.4.2] AndroidManifest.xml:27:13-37
137            android:initOrder="100" />
137-->[com.google.firebase:firebase-common:20.4.2] AndroidManifest.xml:28:13-36
138
139        <uses-library
139-->[androidx.window:window:1.0.0-beta04] AndroidManifest.xml:25:9-27:40
140            android:name="androidx.window.extensions"
140-->[androidx.window:window:1.0.0-beta04] AndroidManifest.xml:26:13-54
141            android:required="false" />
141-->[androidx.window:window:1.0.0-beta04] AndroidManifest.xml:27:13-37
142        <uses-library
142-->[androidx.window:window:1.0.0-beta04] AndroidManifest.xml:28:9-30:40
143            android:name="androidx.window.sidecar"
143-->[androidx.window:window:1.0.0-beta04] AndroidManifest.xml:29:13-51
144            android:required="false" />
144-->[androidx.window:window:1.0.0-beta04] AndroidManifest.xml:30:13-37
145
146        <activity
146-->[com.google.android.gms:play-services-base:18.0.1] AndroidManifest.xml:20:9-22:45
147            android:name="com.google.android.gms.common.api.GoogleApiActivity"
147-->[com.google.android.gms:play-services-base:18.0.1] AndroidManifest.xml:20:19-85
148            android:exported="false"
148-->[com.google.android.gms:play-services-base:18.0.1] AndroidManifest.xml:22:19-43
149            android:theme="@android:style/Theme.Translucent.NoTitleBar" />
149-->[com.google.android.gms:play-services-base:18.0.1] AndroidManifest.xml:21:19-78
150
151        <meta-data
151-->[com.google.android.gms:play-services-basement:18.1.0] AndroidManifest.xml:21:9-23:69
152            android:name="com.google.android.gms.version"
152-->[com.google.android.gms:play-services-basement:18.1.0] AndroidManifest.xml:22:13-58
153            android:value="@integer/google_play_services_version" />
153-->[com.google.android.gms:play-services-basement:18.1.0] AndroidManifest.xml:23:13-66
154    </application>
155
156</manifest>